<?xml version="1.0" encoding="UTF-8"?>
<!-- Generated by org.testng.reporters.JUnitReportReporter -->
<testsuite hostname="Trantor-LP452" failures="0" tests="5" name="testcases.LoanApplyTestCases" time="103.004" errors="0" timestamp="2022-11-11T18:32:41 IST" skipped="0">
  <testcase classname="testcases.LoanApplyTestCases" name="TC001_ClickOnApplyBttn" time="3.112"/>
  <system-out/>
  <testcase classname="testcases.LoanApplyTestCases" name="TC003_ToValidateSelectOfferIsOpen" time="58.557"/>
  <system-out/>
  <testcase classname="testcases.LoanApplyTestCases" name="TC005_ToValidateConnectPage" time="7.500"/>
  <system-out/>
  <testcase classname="testcases.LoanApplyTestCases" name="TC002_FillCustomerDetails" time="33.530"/>
  <system-out/>
  <testcase classname="testcases.LoanApplyTestCases" name="TC004_ToValidateBankInformationPage" time="0.305"/>
  <system-out/>
</testsuite> <!-- testcases.LoanApplyTestCases -->
