<?xml version="1.0" encoding="UTF-8"?>
<!-- Generated by org.testng.reporters.JUnitReportReporter -->
<testsuite hostname="Trantor-LP452" failures="0" tests="7" name="testcases.LoanApplyTestCases" time="165.365" errors="0" timestamp="2022-11-16T15:25:49 IST" skipped="0">
  <testcase classname="testcases.LoanApplyTestCases" name="TC001_ClickOnApplyBttn" time="3.258"/>
  <system-out/>
  <testcase classname="testcases.LoanApplyTestCases" name="TC004_ToValidateBankInformationPage" time="0.281"/>
  <system-out/>
  <testcase classname="testcases.LoanApplyTestCases" name="TC002_FillCustomerDetails" time="41.814"/>
  <system-out/>
  <testcase classname="testcases.LoanApplyTestCases" name="TC003_ToValidateSelectOfferIsOpen" time="82.357"/>
  <system-out/>
  <testcase classname="testcases.LoanApplyTestCases" name="TC006_ToValidateEmploymentInformationPage" time="13.274"/>
  <system-out/>
  <testcase classname="testcases.LoanApplyTestCases" name="TC007_ToValidatePaymentSetupPage" time="8.110"/>
  <system-out/>
  <testcase classname="testcases.LoanApplyTestCases" name="TC005_ToValidateConnectPage" time="16.271"/>
  <system-out/>
</testsuite> <!-- testcases.LoanApplyTestCases -->
