<?xml version="1.0" encoding="UTF-8"?>
<!-- Generated by org.testng.reporters.JUnitReportReporter -->
<testsuite hostname="Trantor-LP452" failures="0" tests="5" name="testcases.LoanApplyTestCases" time="157.120" errors="0" timestamp="2022-11-15T17:42:29 IST" skipped="0">
  <testcase classname="testcases.LoanApplyTestCases" name="TC005_ToValidateConnectPage" time="17.811"/>
  <system-out/>
  <testcase classname="testcases.LoanApplyTestCases" name="TC003_ToValidateSelectOfferIsOpen" time="83.365"/>
  <system-out/>
  <testcase classname="testcases.LoanApplyTestCases" name="TC001_ClickOnApplyBttn" time="5.921"/>
  <system-out/>
  <testcase classname="testcases.LoanApplyTestCases" name="TC002_FillCustomerDetails" time="45.881"/>
  <system-out/>
  <testcase classname="testcases.LoanApplyTestCases" name="TC004_ToValidateBankInformationPage" time="4.142"/>
  <system-out/>
</testsuite> <!-- testcases.LoanApplyTestCases -->
