<?xml version="1.0" encoding="UTF-8"?>
<!-- Generated by org.testng.reporters.JUnitReportReporter -->
<testsuite hostname="Trantor-LP452" failures="0" tests="8" name="testcases.LoanApplyTestCases" time="168.051" errors="0" timestamp="2022-11-17T12:35:50 IST" skipped="0">
  <testcase classname="testcases.LoanApplyTestCases" name="TC001_ClickOnApplyBttn" time="5.410"/>
  <system-out/>
  <testcase classname="testcases.LoanApplyTestCases" name="TC002_FillCustomerDetails" time="34.393"/>
  <system-out/>
  <testcase classname="testcases.LoanApplyTestCases" name="TC005_ToValidateConnectPage" time="14.129"/>
  <system-out/>
  <testcase classname="testcases.LoanApplyTestCases" name="TC007_ToValidatePaymentSetupPage" time="15.208"/>
  <system-out/>
  <testcase classname="testcases.LoanApplyTestCases" name="TC003_ToValidateSelectOfferIsOpen" time="67.220"/>
  <system-out/>
  <testcase classname="testcases.LoanApplyTestCases" name="TC006_ToValidateEmploymentInformationPage" time="15.875"/>
  <system-out/>
  <testcase classname="testcases.LoanApplyTestCases" name="TC008_ToValidateACHPage" time="15.563"/>
  <system-out/>
  <testcase classname="testcases.LoanApplyTestCases" name="TC004_ToValidateBankInformationPage" time="0.253"/>
  <system-out/>
</testsuite> <!-- testcases.LoanApplyTestCases -->
