<?xml version="1.0" encoding="UTF-8"?>
<!-- Generated by org.testng.reporters.JUnitReportReporter -->
<testsuite hostname="Trantor-LP452" failures="0" tests="4" name="com.crm.qa.testcases.LoanApplyTestCases" time="111.640" errors="0" timestamp="2022-11-07T15:02:00 IST" skipped="0">
  <testcase classname="com.crm.qa.testcases.LoanApplyTestCases" name="TC001_ClickOnApplyBttn" time="4.245"/>
  <system-out/>
  <testcase classname="com.crm.qa.testcases.LoanApplyTestCases" name="TC003_ToValidateSelectOfferIsOpen" time="68.735"/>
  <system-out/>
  <testcase classname="com.crm.qa.testcases.LoanApplyTestCases" name="TC002_FillCustomerDetails" time="38.481"/>
  <system-out/>
  <testcase classname="com.crm.qa.testcases.LoanApplyTestCases" name="TC004_ToValidateBankInformationPage" time="0.179"/>
  <system-out/>
</testsuite> <!-- com.crm.qa.testcases.LoanApplyTestCases -->
