<?xml version="1.0" encoding="UTF-8"?>
<!-- Generated by org.testng.reporters.JUnitReportReporter -->
<testsuite hostname="Trantor-LP452" failures="0" tests="5" name="testcases.LoanApplyTestCases" time="113.239" errors="0" timestamp="2022-11-09T18:27:12 IST" skipped="0">
  <testcase classname="testcases.LoanApplyTestCases" name="TC001_ClickOnApplyBttn" time="4.072"/>
  <system-out/>
  <testcase classname="testcases.LoanApplyTestCases" name="TC003_ToValidateSelectOfferIsOpen" time="61.323"/>
  <system-out/>
  <testcase classname="testcases.LoanApplyTestCases" name="TC005_ToValidateConnectPage" time="8.550"/>
  <system-out/>
  <testcase classname="testcases.LoanApplyTestCases" name="TC002_FillCustomerDetails" time="38.994"/>
  <system-out/>
  <testcase classname="testcases.LoanApplyTestCases" name="TC004_ToValidateBankInformationPage" time="0.300"/>
  <system-out/>
</testsuite> <!-- testcases.LoanApplyTestCases -->
