<?xml version="1.0" encoding="UTF-8"?>
<!-- Generated by org.testng.reporters.JUnitReportReporter -->
<testsuite hostname="Trantor-LP452" failures="0" tests="4" name="com.crm.qa.testcases.LoanApplyTestCases" time="104.260" errors="1" timestamp="2022-11-07T13:56:31 IST" skipped="0">
  <testcase classname="com.crm.qa.testcases.LoanApplyTestCases" name="TC001_ClickOnApplyBttn" time="3.568"/>
  <system-out/>
  <testcase classname="com.crm.qa.testcases.LoanApplyTestCases" name="TC002_FillCustomerDetails" time="32.813"/>
  <system-out/>
  <testcase classname="com.crm.qa.testcases.LoanApplyTestCases" name="TC004_ToValidateBankInformationPage" time="0.001">
    <error message="Cannot invoke &quot;com.crm.qa.pages.BankInformationPage.isCONNECTYOURBANKACCOUNTNOWDisplayed()&quot; because &quot;this.bankInformationPage&quot; is null" type="java.lang.NullPointerException">
      <![CDATA[java.lang.NullPointerException: Cannot invoke "com.crm.qa.pages.BankInformationPage.isCONNECTYOURBANKACCOUNTNOWDisplayed()" because "this.bankInformationPage" is null
at com.crm.qa.testcases.LoanApplyTestCases.TC004_ToValidateBankInformationPage(LoanApplyTestCases.java:74)
at java.base/jdk.internal.reflect.NativeMethodAccessorImpl.invoke0(Native Method)
at java.base/jdk.internal.reflect.NativeMethodAccessorImpl.invoke(NativeMethodAccessorImpl.java:64)
at java.base/jdk.internal.reflect.DelegatingMethodAccessorImpl.invoke(DelegatingMethodAccessorImpl.java:43)
at java.base/java.lang.reflect.Method.invoke(Method.java:564)
at org.testng.internal.invokers.MethodInvocationHelper.invokeMethod(MethodInvocationHelper.java:139)
at org.testng.internal.invokers.TestInvoker.invokeMethod(TestInvoker.java:677)
at org.testng.internal.invokers.TestInvoker.invokeTestMethod(TestInvoker.java:221)
at org.testng.internal.invokers.MethodRunner.runInSequence(MethodRunner.java:50)
at org.testng.internal.invokers.TestInvoker$MethodInvocationAgent.invoke(TestInvoker.java:962)
at org.testng.internal.invokers.TestInvoker.invokeTestMethods(TestInvoker.java:194)
at org.testng.internal.invokers.TestMethodWorker.invokeTestMethods(TestMethodWorker.java:148)
at org.testng.internal.invokers.TestMethodWorker.run(TestMethodWorker.java:128)
at java.base/java.util.concurrent.ThreadPoolExecutor.runWorker(ThreadPoolExecutor.java:1130)
at java.base/java.util.concurrent.ThreadPoolExecutor$Worker.run(ThreadPoolExecutor.java:630)
at java.base/java.lang.Thread.run(Thread.java:832)
]]>
    </error>
  </testcase> <!-- TC004_ToValidateBankInformationPage -->
  <system-out/>
  <testcase classname="com.crm.qa.testcases.LoanApplyTestCases" name="TC003_ToValidateSelectOfferIsOpen" time="67.878"/>
  <system-out/>
</testsuite> <!-- com.crm.qa.testcases.LoanApplyTestCases -->
